<?xml version="1.0" encoding="UTF-8"?>
<!-- Generated by org.testng.reporters.JUnitReportReporter -->
<testsuite skipped="0" hostname="Cuelogics-MacBook-Pro.local" name="com.ams.tests.PRFinancialDashboardTest" tests="1" failures="0" timestamp="14 May 2018 20:42:33 GMT" time="18.527" errors="0">
  <testcase name="test_FinancialDashboard" time="18.527" classname="com.ams.tests.PRFinancialDashboardTest"/>
</testsuite> <!-- com.ams.tests.PRFinancialDashboardTest -->
