<?xml version="1.0" encoding="UTF-8"?>
<!-- Generated by org.testng.reporters.JUnitReportReporter -->
<testsuite skipped="0" hostname="Cuelogics-MacBook-Pro.local" name="com.ams.tests.CreateAssignmentTest" tests="1" failures="0" timestamp="14 May 2018 20:42:28 GMT" time="48.398" errors="0">
  <testcase name="test_CreateAssignment" time="48.398" classname="com.ams.tests.CreateAssignmentTest"/>
</testsuite> <!-- com.ams.tests.CreateAssignmentTest -->
