<?xml version="1.0" encoding="UTF-8"?>
<!-- Generated by org.testng.reporters.JUnitReportReporter -->
<testsuite skipped="0" hostname="Cuelogics-MacBook-Pro.local" name="com.ams.tests.WRFinancialDashboardTest" tests="1" failures="0" timestamp="14 May 2018 20:42:48 GMT" time="18.388" errors="0">
  <testcase name="test_FinancialDashboard" time="18.388" classname="com.ams.tests.WRFinancialDashboardTest"/>
</testsuite> <!-- com.ams.tests.WRFinancialDashboardTest -->
