<?xml version="1.0" encoding="UTF-8"?>
<!-- Generated by org.testng.reporters.JUnitReportReporter -->
<testsuite skipped="0" hostname="Cuelogics-MacBook-Pro.local" name="com.ams.tests.ProofReaderAssignmentTest" tests="1" failures="0" timestamp="14 May 2018 20:42:53 GMT" time="25.494" errors="0">
  <testcase name="test_ProofReaderAssignment" time="25.494" classname="com.ams.tests.ProofReaderAssignmentTest"/>
</testsuite> <!-- com.ams.tests.ProofReaderAssignmentTest -->
