<?xml version="1.0" encoding="UTF-8"?>
<!-- Generated by org.testng.reporters.JUnitReportReporter -->
<testsuite skipped="0" hostname="Cuelogics-MacBook-Pro.local" name="com.ams.tests.UpdateAssignmentTest" tests="1" failures="0" timestamp="14 May 2018 20:42:58 GMT" time="31.246" errors="0">
  <testcase name="test_UpdateAssignment" time="31.246" classname="com.ams.tests.UpdateAssignmentTest"/>
</testsuite> <!-- com.ams.tests.UpdateAssignmentTest -->
