<?xml version="1.0" encoding="UTF-8"?>
<!-- Generated by org.testng.reporters.JUnitReportReporter -->
<testsuite skipped="0" hostname="Cuelogics-MacBook-Pro.local" name="com.ams.tests.WRAssignmentExpiryTest" tests="1" failures="0" timestamp="14 May 2018 20:42:38 GMT" time="47.354" errors="0">
  <testcase name="test_amsAddAssignment" time="47.354" classname="com.ams.tests.WRAssignmentExpiryTest"/>
</testsuite> <!-- com.ams.tests.WRAssignmentExpiryTest -->
